<?xml version="1.0" encoding="UTF-8"?>
<!-- Generated by org.testng.reporters.JUnitReportReporter -->
<testsuite skipped="3" hostname="DESKTOP-VQCK5T1" name="com.selenium.week4.BrowserCommands" tests="4" failures="0" timestamp="27 Jul 2019 14:57:04 GMT" time="24.696" errors="0">
  <testcase name="webElementCommands" time="24.696" classname="com.selenium.week4.BrowserCommands"/>
  <testcase name="findAllTheLinks" classname="com.selenium.week4.BrowserCommands">
    <skipped/>
  </testcase> <!-- findAllTheLinks -->
  <testcase name="basicBrowserSeleniumCommande" classname="com.selenium.week4.BrowserCommands">
    <skipped/>
  </testcase> <!-- basicBrowserSeleniumCommande -->
  <testcase name="amazonTest" classname="com.selenium.week4.BrowserCommands">
    <skipped/>
  </testcase> <!-- amazonTest -->
</testsuite> <!-- com.selenium.week4.BrowserCommands -->
